This is pdfTeX, Version 3.1415926-2.5-1.40.14 (MiKTeX 2.9 64-bit) (preloaded format=pdflatex 2014.10.26)  27 OCT 2014 20:35
entering extended mode
**Notes.tex

(C:\Users\v-jianyz\Documents\GitHub\StudyNotes\Mathematics\An-Introduction-to-P
robability-Theory-and-Its-Applications\Notes.tex
LaTeX2e <2011/06/27>
Babel <v3.8m> and hyphenation patterns for english, afrikaans, ancientgreek, ar
abic, armenian, assamese, basque, bengali, bokmal, bulgarian, catalan, coptic, 
croatian, czech, danish, dutch, esperanto, estonian, farsi, finnish, french, ga
lician, german, german-x-2013-05-26, greek, gujarati, hindi, hungarian, iceland
ic, indonesian, interlingua, irish, italian, kannada, kurmanji, latin, latvian,
 lithuanian, malayalam, marathi, mongolian, mongolianlmc, monogreek, ngerman, n
german-x-2013-05-26, nynorsk, oriya, panjabi, pinyin, polish, portuguese, roman
ian, russian, sanskrit, serbian, slovak, slovenian, spanish, swedish, swissgerm
an, tamil, telugu, turkish, turkmen, ukenglish, ukrainian, uppersorbian, usengl
ishmax, welsh, loaded.
("C:\Program Files\Tex\tex\latex\base\article.cls"
Document Class: article 2007/10/19 v1.4h Standard LaTeX document class
("C:\Program Files\Tex\tex\latex\base\size10.clo"
File: size10.clo 2007/10/19 v1.4h Standard LaTeX file (size option)
)
\c@part=\count79
\c@section=\count80
\c@subsection=\count81
\c@subsubsection=\count82
\c@paragraph=\count83
\c@subparagraph=\count84
\c@figure=\count85
\c@table=\count86
\abovecaptionskip=\skip41
\belowcaptionskip=\skip42
\bibindent=\dimen102
)
(C:\Users\v-jianyz\Documents\GitHub\StudyNotes\Mathematics\An-Introduction-to-P
robability-Theory-and-Its-Applications\Notes.aux)
LaTeX Font Info:    Checking defaults for OML/cmm/m/it on input line 4.
LaTeX Font Info:    ... okay on input line 4.
LaTeX Font Info:    Checking defaults for T1/cmr/m/n on input line 4.
LaTeX Font Info:    ... okay on input line 4.
LaTeX Font Info:    Checking defaults for OT1/cmr/m/n on input line 4.
LaTeX Font Info:    ... okay on input line 4.
LaTeX Font Info:    Checking defaults for OMS/cmsy/m/n on input line 4.
LaTeX Font Info:    ... okay on input line 4.
LaTeX Font Info:    Checking defaults for OMX/cmex/m/n on input line 4.
LaTeX Font Info:    ... okay on input line 4.
LaTeX Font Info:    Checking defaults for U/cmr/m/n on input line 4.
LaTeX Font Info:    ... okay on input line 4.
LaTeX Font Info:    External font `cmex10' loaded for size
(Font)              <12> on input line 5.
LaTeX Font Info:    External font `cmex10' loaded for size
(Font)              <8> on input line 5.
LaTeX Font Info:    External font `cmex10' loaded for size
(Font)              <6> on input line 5.

Overfull \hbox (26.41275pt too wide) in paragraph at lines 8--10
\OT1/cmr/m/n/10 should be dis-tin-guished be-tween \OT1/cmr/m/it/10 com-pound(d
ecomposable) \OT1/cmr/m/n/10 and \OT1/cmr/m/it/10 sim-ple(indecomposable)
 []

[1

{C:/Users/v-jianyz/AppData/Local/MiKTeX/2.9/pdftex/config/pdftex.map}]
(C:\Users\v-jianyz\Documents\GitHub\StudyNotes\Mathematics\An-Introduction-to-P
robability-Theory-and-Its-Applications\Notes.aux) ) 
Here is how much of TeX's memory you used:
 237 strings out of 493921
 3241 string characters out of 3150079
 51031 words of memory out of 3000000
 3603 multiletter control sequences out of 15000+200000
 8895 words of font info for 31 fonts, out of 3000000 for 9000
 841 hyphenation exceptions out of 8191
 23i,6n,17p,272b,187s stack positions out of 5000i,500n,10000p,200000b,50000s
<C:/Program Files/Tex/fonts/
type1/public/amsfonts/cm/cmbx10.pfb><C:/Program Files/Tex/fonts/type1/public/am
sfonts/cm/cmbx12.pfb><C:/Program Files/Tex/fonts/type1/public/amsfonts/cm/cmr10
.pfb><C:/Program Files/Tex/fonts/type1/public/amsfonts/cm/cmr12.pfb><C:/Program
 Files/Tex/fonts/type1/public/amsfonts/cm/cmti10.pfb><C:/Program Files/Tex/font
s/type1/public/amsfonts/cm/cmti12.pfb>
Output written on Notes.pdf (1 page, 79887 bytes).
PDF statistics:
 30 PDF objects out of 1000 (max. 8388607)
 0 named destinations out of 1000 (max. 500000)
 1 words of extra memory for PDF output out of 10000 (max. 10000000)

