<<<<<<< HEAD:Mathematics/An-Introduction-to-Probability-Theory-and-Its-Applications/Notes.log
This is pdfTeX, Version 3.1415926-2.5-1.40.14 (MiKTeX 2.9 64-bit) (preloaded format=pdflatex 2014.10.25)  22 NOV 2014 06:55
entering extended mode
**Notes.tex

(E:\Github\Study-Notes\Mathematics\An-Introduction-to-Probability-Theory-and-It
s-Applications\Notes.tex
=======
This is pdfTeX, Version 3.1415926-2.5-1.40.14 (MiKTeX 2.9 64-bit) (preloaded format=pdflatex 2014.10.25)  30 NOV 2014 16:56
entering extended mode
**Notes.tex

(E:\Github\Study-Notes\Mathematics\Probabilty-and-Statistic\An-Introduction-to-
Probability-Theory-and-Its-Applications\Notes.tex
>>>>>>> pcVersion:Mathematics/Probabilty-and-Statistic/An-Introduction-to-Probability-Theory-and-Its-Applications/Notes.log
LaTeX2e <2011/06/27>
Babel <v3.8m> and hyphenation patterns for english, afrikaans, ancientgreek, ar
abic, armenian, assamese, basque, bengali, bokmal, bulgarian, catalan, coptic, 
croatian, czech, danish, dutch, esperanto, estonian, farsi, finnish, french, ga
lician, german, german-x-2013-05-26, greek, gujarati, hindi, hungarian, iceland
ic, indonesian, interlingua, irish, italian, kannada, kurmanji, latin, latvian,
 lithuanian, malayalam, marathi, mongolian, mongolianlmc, monogreek, ngerman, n
german-x-2013-05-26, nynorsk, oriya, panjabi, pinyin, polish, portuguese, roman
ian, russian, sanskrit, serbian, slovak, slovenian, spanish, swedish, swissgerm
an, tamil, telugu, turkish, turkmen, ukenglish, ukrainian, uppersorbian, usengl
ishmax, welsh, loaded.
("D:\Program Files\MiKTeX 2.9\tex\latex\base\article.cls"
Document Class: article 2007/10/19 v1.4h Standard LaTeX document class
("D:\Program Files\MiKTeX 2.9\tex\latex\base\size10.clo"
File: size10.clo 2007/10/19 v1.4h Standard LaTeX file (size option)
)
\c@part=\count79
\c@section=\count80
\c@subsection=\count81
\c@subsubsection=\count82
\c@paragraph=\count83
\c@subparagraph=\count84
\c@figure=\count85
\c@table=\count86
\abovecaptionskip=\skip41
\belowcaptionskip=\skip42
\bibindent=\dimen102
)
("D:\Program Files\MiKTeX 2.9\tex\latex\amsmath\amsmath.sty"
Package: amsmath 2013/01/14 v2.14 AMS math features
\@mathmargin=\skip43

For additional information on amsmath, use the `?' option.
("D:\Program Files\MiKTeX 2.9\tex\latex\amsmath\amstext.sty"
Package: amstext 2000/06/29 v2.01

("D:\Program Files\MiKTeX 2.9\tex\latex\amsmath\amsgen.sty"
File: amsgen.sty 1999/11/30 v2.0
\@emptytoks=\toks14
\ex@=\dimen103
))
("D:\Program Files\MiKTeX 2.9\tex\latex\amsmath\amsbsy.sty"
Package: amsbsy 1999/11/29 v1.2d
\pmbraise@=\dimen104
)
("D:\Program Files\MiKTeX 2.9\tex\latex\amsmath\amsopn.sty"
Package: amsopn 1999/12/14 v2.01 operator names
)
\inf@bad=\count87
LaTeX Info: Redefining \frac on input line 210.
\uproot@=\count88
\leftroot@=\count89
LaTeX Info: Redefining \overline on input line 306.
\classnum@=\count90
\DOTSCASE@=\count91
LaTeX Info: Redefining \ldots on input line 378.
LaTeX Info: Redefining \dots on input line 381.
LaTeX Info: Redefining \cdots on input line 466.
\Mathstrutbox@=\box26
\strutbox@=\box27
\big@size=\dimen105
LaTeX Font Info:    Redeclaring font encoding OML on input line 566.
LaTeX Font Info:    Redeclaring font encoding OMS on input line 567.
\macc@depth=\count92
\c@MaxMatrixCols=\count93
\dotsspace@=\muskip10
\c@parentequation=\count94
\dspbrk@lvl=\count95
\tag@help=\toks15
\row@=\count96
\column@=\count97
\maxfields@=\count98
\andhelp@=\toks16
\eqnshift@=\dimen106
\alignsep@=\dimen107
\tagshift@=\dimen108
\tagwidth@=\dimen109
\totwidth@=\dimen110
\lineht@=\dimen111
\@envbody=\toks17
\multlinegap=\skip44
\multlinetaggap=\skip45
\mathdisplay@stack=\toks18
LaTeX Info: Redefining \[ on input line 2665.
LaTeX Info: Redefining \] on input line 2666.
)
<<<<<<< HEAD:Mathematics/An-Introduction-to-Probability-Theory-and-Its-Applications/Notes.log
(E:\Github\Study-Notes\Mathematics\An-Introduction-to-Probability-Theory-and-It
s-Applications\Notes.aux)
=======
(E:\Github\Study-Notes\Mathematics\Probabilty-and-Statistic\An-Introduction-to-
Probability-Theory-and-Its-Applications\Notes.aux)
>>>>>>> pcVersion:Mathematics/Probabilty-and-Statistic/An-Introduction-to-Probability-Theory-and-Its-Applications/Notes.log
LaTeX Font Info:    Checking defaults for OML/cmm/m/it on input line 6.
LaTeX Font Info:    ... okay on input line 6.
LaTeX Font Info:    Checking defaults for T1/cmr/m/n on input line 6.
LaTeX Font Info:    ... okay on input line 6.
LaTeX Font Info:    Checking defaults for OT1/cmr/m/n on input line 6.
LaTeX Font Info:    ... okay on input line 6.
LaTeX Font Info:    Checking defaults for OMS/cmsy/m/n on input line 6.
LaTeX Font Info:    ... okay on input line 6.
LaTeX Font Info:    Checking defaults for OMX/cmex/m/n on input line 6.
LaTeX Font Info:    ... okay on input line 6.
LaTeX Font Info:    Checking defaults for U/cmr/m/n on input line 6.
LaTeX Font Info:    ... okay on input line 6.

<<<<<<< HEAD:Mathematics/An-Introduction-to-Probability-Theory-and-Its-Applications/Notes.log
(E:\Github\Study-Notes\Mathematics\An-Introduction-to-Probability-Theory-and-It
s-Applications\Notes.toc)
=======
(E:\Github\Study-Notes\Mathematics\Probabilty-and-Statistic\An-Introduction-to-
Probability-Theory-and-Its-Applications\Notes.toc)
>>>>>>> pcVersion:Mathematics/Probabilty-and-Statistic/An-Introduction-to-Probability-Theory-and-Its-Applications/Notes.log
\tf@toc=\write3
 [1

{C:/ProgramData/MiKTeX/2.9/pdftex/config/pdftex.map}]
LaTeX Font Info:    Try loading font information for OMS+cmr on input line 21.
<<<<<<< HEAD:Mathematics/An-Introduction-to-Probability-Theory-and-Its-Applications/Notes.log
 ("D:\Program Files\MiKTeX 2.9\tex\latex\base\omscmr.fd"
=======

("D:\Program Files\MiKTeX 2.9\tex\latex\base\omscmr.fd"
>>>>>>> pcVersion:Mathematics/Probabilty-and-Statistic/An-Introduction-to-Probability-Theory-and-Its-Applications/Notes.log
File: omscmr.fd 1999/05/25 v2.5h Standard LaTeX font definitions
)
LaTeX Font Info:    Font shape `OMS/cmr/m/n' in size <10> not available
(Font)              Font shape `OMS/cmsy/m/n' tried instead on input line 21.

Underfull \hbox (badness 10000) in paragraph at lines 21--21

 []


Underfull \hbox (badness 10000) in paragraph at lines 22--22

 []


Package amsmath Warning: Foreign command \atopwithdelims;
(amsmath)                \frac or \genfrac should be used instead
(amsmath)                 on input line 22.


Underfull \hbox (badness 10000) in paragraph at lines 23--23

 []


Underfull \hbox (badness 10000) in paragraph at lines 24--24

 []

[2] [3] [4] [5] [6]
Overfull \hbox (5.95396pt too wide) in paragraph at lines 146--147
\OT1/cmr/m/n/10 that if no-body win the game, the loop shall be ei-ther $\OML/c
mm/m/it/10 acbacb [] $ \OT1/cmr/m/n/10 or $\OML/cmm/m/it/10 bcabca [] $\OT1/cmr
/m/n/10 .
 []

[7]
Overfull \hbox (5.18088pt too wide) in paragraph at lines 166--167
[]\OT1/cmr/m/n/10 It is ob-vi-ous that $\OML/cmm/m/it/10 A[]A[]A[] \OT1/cmr/m/n
/10 = \OML/cmm/m/it/10 A[]A[]A[]A[] \OMS/cmsy/m/n/10  \OML/cmm/m/it/10 A[]$ \O
T1/cmr/m/n/10 and $\OML/cmm/m/it/10 A[]A[]A[] \OT1/cmr/m/n/10 = \OML/cmm/m/it/1
0 A[]A[]A[]A[] \OMS/cmsy/m/n/10 $
 []


Overfull \hbox (11.87173pt too wide) in paragraph at lines 168--169
[]\OT1/cmr/m/n/10 (a) $\OML/cmm/m/it/10 AB$ \OT1/cmr/m/n/10 con-tains the point
s $(1\OML/cmm/m/it/10 ; \OT1/cmr/m/n/10 2)\OML/cmm/m/it/10 ; \OT1/cmr/m/n/10 (1
\OML/cmm/m/it/10 ; \OT1/cmr/m/n/10 4)\OML/cmm/m/it/10 ; \OT1/cmr/m/n/10 (1\OML/
cmm/m/it/10 ; \OT1/cmr/m/n/10 6)\OML/cmm/m/it/10 ; \OT1/cmr/m/n/10 (2\OML/cmm/m
/it/10 ; \OT1/cmr/m/n/10 1)\OML/cmm/m/it/10 ; \OT1/cmr/m/n/10 (4\OML/cmm/m/it/1
0 ; \OT1/cmr/m/n/10 1)\OML/cmm/m/it/10 ; \OT1/cmr/m/n/10 (6\OML/cmm/m/it/10 ; \
OT1/cmr/m/n/10 1)$, so $\OML/cmm/m/it/10 P\OMS/cmsy/m/n/10 f\OML/cmm/m/it/10 AB
\OMS/cmsy/m/n/10 g \OT1/cmr/m/n/10 =$
 []

[8] [9] [10] [11]
Overfull \hbox (16.57628pt too wide) in paragraph at lines 227--227
[]\OT1/cmr/bx/n/14.4 Fluctuations in Coin Toss-ing and Ran-dom Walks 
 []

[12] [13] [14]
<<<<<<< HEAD:Mathematics/An-Introduction-to-Probability-Theory-and-Its-Applications/Notes.log
(E:\Github\Study-Notes\Mathematics\An-Introduction-to-Probability-Theory-and-It
s-Applications\Notes.aux) ) 
Here is how much of TeX's memory you used:
 879 strings out of 493921
 10550 string characters out of 3147278
=======
(E:\Github\Study-Notes\Mathematics\Probabilty-and-Statistic\An-Introduction-to-
Probability-Theory-and-Its-Applications\Notes.aux) ) 
Here is how much of TeX's memory you used:
 879 strings out of 493921
 10775 string characters out of 3147278
>>>>>>> pcVersion:Mathematics/Probabilty-and-Statistic/An-Introduction-to-Probability-Theory-and-Its-Applications/Notes.log
 70028 words of memory out of 3000000
 4219 multiletter control sequences out of 15000+200000
 10382 words of font info for 37 fonts, out of 3000000 for 9000
 841 hyphenation exceptions out of 8191
 27i,10n,20p,589b,237s stack positions out of 5000i,500n,10000p,200000b,50000s
<<<<<<< HEAD:Mathematics/An-Introduction-to-Probability-Theory-and-Its-Applications/Notes.log
<D:/Program Files/MiKTeX 2.9/fonts/type1/public/amsf
onts/cm/cmbx10.pfb><D:/Program Files/MiKTeX 2.9/fonts/type1/public/amsfonts/cm/
cmbx12.pfb><D:/Program Files/MiKTeX 2.9/fonts/type1/public/amsfonts/cm/cmbxti10
.pfb><D:/Program Files/MiKTeX 2.9/fonts/type1/public/amsfonts/cm/cmex10.pfb><D:
/Program Files/MiKTeX 2.9/fonts/type1/public/amsfonts/cm/cmmi10.pfb><D:/Program
 Files/MiKTeX 2.9/fonts/type1/public/amsfonts/cm/cmmi5.pfb><D:/Program Files/Mi
KTeX 2.9/fonts/type1/public/amsfonts/cm/cmmi7.pfb><D:/Program Files/MiKTeX 2.9/
fonts/type1/public/amsfonts/cm/cmr10.pfb><D:/Program Files/MiKTeX 2.9/fonts/typ
e1/public/amsfonts/cm/cmr12.pfb><D:/Program Files/MiKTeX 2.9/fonts/type1/public
/amsfonts/cm/cmr5.pfb><D:/Program Files/MiKTeX 2.9/fonts/type1/public/amsfonts/
cm/cmr7.pfb><D:/Program Files/MiKTeX 2.9/fonts/type1/public/amsfonts/cm/cmsy10.
pfb><D:/Program Files/MiKTeX 2.9/fonts/type1/public/amsfonts/cm/cmsy7.pfb><D:/P
rogram Files/MiKTeX 2.9/fonts/type1/public/amsfonts/cm/cmti10.pfb><D:/Program F
iles/MiKTeX 2.9/fonts/type1/public/amsfonts/cm/cmti12.pfb>
Output written on Notes.pdf (14 pages, 216571 bytes).
=======
<D:/Program Files/MiKTeX 2.
9/fonts/type1/public/amsfonts/cm/cmbx10.pfb><D:/Program Files/MiKTeX 2.9/fonts/
type1/public/amsfonts/cm/cmbx12.pfb><D:/Program Files/MiKTeX 2.9/fonts/type1/pu
blic/amsfonts/cm/cmbxti10.pfb><D:/Program Files/MiKTeX 2.9/fonts/type1/public/a
msfonts/cm/cmex10.pfb><D:/Program Files/MiKTeX 2.9/fonts/type1/public/amsfonts/
cm/cmmi10.pfb><D:/Program Files/MiKTeX 2.9/fonts/type1/public/amsfonts/cm/cmmi5
.pfb><D:/Program Files/MiKTeX 2.9/fonts/type1/public/amsfonts/cm/cmmi7.pfb><D:/
Program Files/MiKTeX 2.9/fonts/type1/public/amsfonts/cm/cmr10.pfb><D:/Program F
iles/MiKTeX 2.9/fonts/type1/public/amsfonts/cm/cmr12.pfb><D:/Program Files/MiKT
eX 2.9/fonts/type1/public/amsfonts/cm/cmr5.pfb><D:/Program Files/MiKTeX 2.9/fon
ts/type1/public/amsfonts/cm/cmr7.pfb><D:/Program Files/MiKTeX 2.9/fonts/type1/p
ublic/amsfonts/cm/cmsy10.pfb><D:/Program Files/MiKTeX 2.9/fonts/type1/public/am
sfonts/cm/cmsy7.pfb><D:/Program Files/MiKTeX 2.9/fonts/type1/public/amsfonts/cm
/cmti10.pfb><D:/Program Files/MiKTeX 2.9/fonts/type1/public/amsfonts/cm/cmti12.
pfb>
Output written on Notes.pdf (14 pages, 216790 bytes).
>>>>>>> pcVersion:Mathematics/Probabilty-and-Statistic/An-Introduction-to-Probability-Theory-and-Its-Applications/Notes.log
PDF statistics:
 108 PDF objects out of 1000 (max. 8388607)
 0 named destinations out of 1000 (max. 500000)
 1 words of extra memory for PDF output out of 10000 (max. 10000000)

